# JRE version: Java(TM) SE Runtime Environment (8.0_65-b17) (build 1.8.0_65-b17)
# Java VM: Java HotSpot(TM) 64-Bit Server VM (25.65-b01 mixed mode bsd-amd64 compressed oops)
Heap:
 PSYoungGen      total 16384K, used 4881K [0x00000007aab00000, 0x00000007abc00000, 0x00000007c0000000)
  eden space 15872K, 29% used [0x00000007aab00000,0x00000007aafa4648,0x00000007aba80000)
  from space 512K, 25% used [0x00000007abb80000,0x00000007abba0000,0x00000007abc00000)
  to   space 512K, 0% used [0x00000007abb00000,0x00000007abb00000,0x00000007abb80000)
 ParOldGen       total 44032K, used 4780K [0x0000000780000000, 0x0000000782b00000, 0x00000007aab00000)
  object space 44032K, 10% used [0x0000000780000000,0x00000007804ab3f8,0x0000000782b00000)
 Metaspace       used 11176K, capacity 11461K, committed 11520K, reserved 1058816K
  class space    used 1163K, capacity 1249K, committed 1280K, reserved 1048576K
GC Heap History (10 events):
Event: 182.478 GC heap before
{Heap before GC invocations=374 (full 0):
 PSYoungGen      total 16384K, used 16000K [0x00000007aab00000, 0x00000007abc00000, 0x00000007c0000000)
  eden space 15872K, 100% used [0x00000007aab00000,0x00000007aba80000,0x00000007aba80000)
  from space 512K, 25% used [0x00000007abb00000,0x00000007abb20000,0x00000007abb80000)
  to   space 512K, 0% used [0x00000007abb80000,0x00000007abb80000,0x00000007abc00000)
 ParOldGen       total 44032K, used 4780K [0x0000000780000000, 0x0000000782b00000, 0x00000007aab00000)
  object space 44032K, 10% used [0x0000000780000000,0x00000007804ab3f8,0x0000000782b00000)
 Metaspace       used 11170K, capacity 11461K, committed 11520K, reserved 1058816K
  class space    used 1163K, capacity 1249K, committed 1280K, reserved 1048576K
Event: 182.479 GC heap after
Heap after GC invocations=374 (full 0):
 PSYoungGen      total 16384K, used 128K [0x00000007aab00000, 0x00000007abc00000, 0x00000007c0000000)
  eden space 15872K, 0% used [0x00000007aab00000,0x00000007aab00000,0x00000007aba80000)
  from space 512K, 25% used [0x00000007abb80000,0x00000007abba0000,0x00000007abc00000)
  to   space 512K, 0% used [0x00000007abb00000,0x00000007abb00000,0x00000007abb80000)
 ParOldGen       total 44032K, used 4780K [0x0000000780000000, 0x0000000782b00000, 0x00000007aab00000)
  object space 44032K, 10% used [0x0000000780000000,0x00000007804ab3f8,0x0000000782b00000)
 Metaspace       used 11170K, capacity 11461K, committed 11520K, reserved 1058816K
  class space    used 1163K, capacity 1249K, committed 1280K, reserved 1048576K
}
Event: 182.889 GC heap before
{Heap before GC invocations=375 (full 0):
 PSYoungGen      total 16384K, used 16000K [0x00000007aab00000, 0x00000007abc00000, 0x00000007c0000000)
  eden space 15872K, 100% used [0x00000007aab00000,0x00000007aba80000,0x00000007aba80000)
  from space 512K, 25% used [0x00000007abb80000,0x00000007abba0000,0x00000007abc00000)
  to   space 512K, 0% used [0x00000007abb00000,0x00000007abb00000,0x00000007abb80000)
 ParOldGen       total 44032K, used 4780K [0x0000000780000000, 0x0000000782b00000, 0x00000007aab00000)
  object space 44032K, 10% used [0x0000000780000000,0x00000007804ab3f8,0x0000000782b00000)
 Metaspace       used 11170K, capacity 11461K, committed 11520K, reserved 1058816K
  class space    used 1163K, capacity 1249K, committed 1280K, reserved 1048576K
Event: 182.890 GC heap after
Heap after GC invocations=375 (full 0):
 PSYoungGen      total 16384K, used 128K [0x00000007aab00000, 0x00000007abc00000, 0x00000007c0000000)
  eden space 15872K, 0% used [0x00000007aab00000,0x00000007aab00000,0x00000007aba80000)
  from space 512K, 25% used [0x00000007abb00000,0x00000007abb20000,0x00000007abb80000)
  to   space 512K, 0% used [0x00000007abb80000,0x00000007abb80000,0x00000007abc00000)
 ParOldGen       total 44032K, used 4780K [0x0000000780000000, 0x0000000782b00000, 0x00000007aab00000)
  object space 44032K, 10% used [0x0000000780000000,0x00000007804ab3f8,0x0000000782b00000)
 Metaspace       used 11170K, capacity 11461K, committed 11520K, reserved 1058816K
  class space    used 1163K, capacity 1249K, committed 1280K, reserved 1048576K
}
Event: 183.303 GC heap before
{Heap before GC invocations=376 (full 0):
 PSYoungGen      total 16384K, used 16000K [0x00000007aab00000, 0x00000007abc00000, 0x00000007c0000000)
  eden space 15872K, 100% used [0x00000007aab00000,0x00000007aba80000,0x00000007aba80000)
  from space 512K, 25% used [0x00000007abb00000,0x00000007abb20000,0x00000007abb80000)
  to   space 512K, 0% used [0x00000007abb80000,0x00000007abb80000,0x00000007abc00000)
 ParOldGen       total 44032K, used 4780K [0x0000000780000000, 0x0000000782b00000, 0x00000007aab00000)
  object space 44032K, 10% used [0x0000000780000000,0x00000007804ab3f8,0x0000000782b00000)
 Metaspace       used 11170K, capacity 11461K, committed 11520K, reserved 1058816K
  class space    used 1163K, capacity 1249K, committed 1280K, reserved 1048576K
Event: 183.303 GC heap after
Heap after GC invocations=376 (full 0):
 PSYoungGen      total 16384K, used 128K [0x00000007aab00000, 0x00000007abc00000, 0x00000007c0000000)
  eden space 15872K, 0% used [0x00000007aab00000,0x00000007aab00000,0x00000007aba80000)
  from space 512K, 25% used [0x00000007abb80000,0x00000007abba0000,0x00000007abc00000)
  to   space 512K, 0% used [0x00000007abb00000,0x00000007abb00000,0x00000007abb80000)
 ParOldGen       total 44032K, used 4780K [0x0000000780000000, 0x0000000782b00000, 0x00000007aab00000)
  object space 44032K, 10% used [0x0000000780000000,0x00000007804ab3f8,0x0000000782b00000)
 Metaspace       used 11170K, capacity 11461K, committed 11520K, reserved 1058816K
  class space    used 1163K, capacity 1249K, committed 1280K, reserved 1048576K
}
Event: 183.755 GC heap before
{Heap before GC invocations=377 (full 0):
 PSYoungGen      total 16384K, used 16000K [0x00000007aab00000, 0x00000007abc00000, 0x00000007c0000000)
  eden space 15872K, 100% used [0x00000007aab00000,0x00000007aba80000,0x00000007aba80000)
  from space 512K, 25% used [0x00000007abb80000,0x00000007abba0000,0x00000007abc00000)
  to   space 512K, 0% used [0x00000007abb00000,0x00000007abb00000,0x00000007abb80000)
 ParOldGen       total 44032K, used 4780K [0x0000000780000000, 0x0000000782b00000, 0x00000007aab00000)
  object space 44032K, 10% used [0x0000000780000000,0x00000007804ab3f8,0x0000000782b00000)
 Metaspace       used 11170K, capacity 11461K, committed 11520K, reserved 1058816K
  class space    used 1163K, capacity 1249K, committed 1280K, reserved 1048576K
Event: 183.756 GC heap after
Heap after GC invocations=377 (full 0):
 PSYoungGen      total 16384K, used 96K [0x00000007aab00000, 0x00000007abc00000, 0x00000007c0000000)
  eden space 15872K, 0% used [0x00000007aab00000,0x00000007aab00000,0x00000007aba80000)
  from space 512K, 18% used [0x00000007abb00000,0x00000007abb18000,0x00000007abb80000)
  to   space 512K, 0% used [0x00000007abb80000,0x00000007abb80000,0x00000007abc00000)
 ParOldGen       total 44032K, used 4780K [0x0000000780000000, 0x0000000782b00000, 0x00000007aab00000)
  object space 44032K, 10% used [0x0000000780000000,0x00000007804ab3f8,0x0000000782b00000)
 Metaspace       used 11170K, capacity 11461K, committed 11520K, reserved 1058816K
  class space    used 1163K, capacity 1249K, committed 1280K, reserved 1048576K
}
Event: 184.172 GC heap before
{Heap before GC invocations=378 (full 0):
 PSYoungGen      total 16384K, used 15968K [0x00000007aab00000, 0x00000007abc00000, 0x00000007c0000000)
  eden space 15872K, 100% used [0x00000007aab00000,0x00000007aba80000,0x00000007aba80000)
  from space 512K, 18% used [0x00000007abb00000,0x00000007abb18000,0x00000007abb80000)
  to   space 512K, 0% used [0x00000007abb80000,0x00000007abb80000,0x00000007abc00000)
 ParOldGen       total 44032K, used 4780K [0x0000000780000000, 0x0000000782b00000, 0x00000007aab00000)
  object space 44032K, 10% used [0x0000000780000000,0x00000007804ab3f8,0x0000000782b00000)
 Metaspace       used 11170K, capacity 11461K, committed 11520K, reserved 1058816K
  class space    used 1163K, capacity 1249K, committed 1280K, reserved 1048576K
Event: 184.173 GC heap after
Heap after GC invocations=378 (full 0):
 PSYoungGen      total 16384K, used 128K [0x00000007aab00000, 0x00000007abc00000, 0x00000007c0000000)
  eden space 15872K, 0% used [0x00000007aab00000,0x00000007aab00000,0x00000007aba80000)
  from space 512K, 25% used [0x00000007abb80000,0x00000007abba0000,0x00000007abc00000)
  to   space 512K, 0% used [0x00000007abb00000,0x00000007abb00000,0x00000007abb80000)
 ParOldGen       total 44032K, used 4780K [0x0000000780000000, 0x0000000782b00000, 0x00000007aab00000)
  object space 44032K, 10% used [0x0000000780000000,0x00000007804ab3f8,0x0000000782b00000)
 Metaspace       used 11170K, capacity 11461K, committed 11520K, reserved 1058816K
  class space    used 1163K, capacity 1249K, committed 1280K, reserved 1048576K
}

